\BOOKMARK [1][-]{section.1}{Introduction}{}% 1
\BOOKMARK [2][-]{subsection.1.1}{Purpose}{section.1}% 2
\BOOKMARK [2][-]{subsection.1.2}{Stakeholders}{section.1}% 3
\BOOKMARK [2][-]{subsection.1.3}{Definitions}{section.1}% 4
\BOOKMARK [2][-]{subsection.1.4}{System goals}{section.1}% 5
\BOOKMARK [2][-]{subsection.1.5}{System overview}{section.1}% 6
\BOOKMARK [2][-]{subsection.1.6}{References}{section.1}% 7
\BOOKMARK [1][-]{section.2}{Specific requirements and definitions}{}% 8
\BOOKMARK [2][-]{subsection.2.1}{System element definitions}{section.2}% 9
\BOOKMARK [3][-]{subsubsection.2.1.1}{Profile}{subsection.2.1}% 10
\BOOKMARK [3][-]{subsubsection.2.1.2}{Ad}{subsection.2.1}% 11
\BOOKMARK [2][-]{subsection.2.2}{Non-functional requirements}{section.2}% 12
\BOOKMARK [1][-]{section.3}{Overall description}{}% 13
\BOOKMARK [2][-]{subsection.3.1}{Use-case diagram}{section.3}% 14
\BOOKMARK [2][-]{subsection.3.2}{Use cases}{section.3}% 15
\BOOKMARK [3][-]{subsubsection.3.2.1}{Search for relevant ads}{subsection.3.2}% 16
\BOOKMARK [3][-]{subsubsection.3.2.2}{See room/apartment information}{subsection.3.2}% 17
\BOOKMARK [3][-]{subsubsection.3.2.3}{Bookmark ads}{subsection.3.2}% 18
\BOOKMARK [3][-]{subsubsection.3.2.4}{Subscribe to search alert}{subsection.3.2}% 19
\BOOKMARK [3][-]{subsubsection.3.2.5}{send enquiry}{subsection.3.2}% 20
\BOOKMARK [3][-]{subsubsection.3.2.6}{Register for on-site visit}{subsection.3.2}% 21
\BOOKMARK [3][-]{subsubsection.3.2.7}{Place ad}{subsection.3.2}% 22
\BOOKMARK [3][-]{subsubsection.3.2.8}{Set visiting dates}{subsection.3.2}% 23
\BOOKMARK [3][-]{subsubsection.3.2.9}{Manage ad}{subsection.3.2}% 24
\BOOKMARK [3][-]{subsubsection.3.2.10}{Manage enquiries}{subsection.3.2}% 25
\BOOKMARK [3][-]{subsubsection.3.2.11}{Manage on-site visits}{subsection.3.2}% 26
\BOOKMARK [3][-]{subsubsection.3.2.12}{Compile list of promising candidates}{subsection.3.2}% 27
\BOOKMARK [3][-]{subsubsection.3.2.13}{Log in to the website}{subsection.3.2}% 28
\BOOKMARK [3][-]{subsubsection.3.2.14}{Manage user profile}{subsection.3.2}% 29
\BOOKMARK [3][-]{subsubsection.3.2.15}{Manage users}{subsection.3.2}% 30
\BOOKMARK [3][-]{subsubsection.3.2.16}{Manage ads}{subsection.3.2}% 31
\BOOKMARK [2][-]{subsection.3.3}{Actor Characteristics}{section.3}% 32
